<?xml version="1.0" encoding="UTF-8"?>
<!-- Generated by org.testng.reporters.JUnitXMLReporter -->
<testsuite ignored="0" hostname="DESKTOP-9INC9AD" failures="0" tests="3" name="Test" time="0.133" errors="0" timestamp="2023-06-30T10:36:06 IST">
  <testcase classname="runner.Listerner_Runner" name="test1" time="0.024"/>
  <testcase classname="runner.Listerner_Runner" name="test2" time="0.005"/>
  <testcase classname="runner.Listerner_Runner" name="test3" time="0.009"/>
</testsuite> <!-- Test -->
